<?xml version="1.0" encoding="UTF-8"?>
<!-- Generated by org.testng.reporters.JUnitXMLReporter -->
<testsuite hostname="mlinpu1502-0035.springernature.com" failures="1" tests="16" name="SearchTest" time="217.558" errors="0" timestamp="8 Mar 2019 05:32:46 GMT">
  <testcase classname="com.openweathermap.testcases.HomePageTest" name="Mapsclick" time="8.84"/>
  <testcase classname="com.openweathermap.testcases.HomePageTest" name="api" time="2.692"/>
  <testcase classname="com.openweathermap.testcases.HomePageTest" name="blog" time="0.141"/>
  <testcase classname="com.openweathermap.testcases.HomePageTest" name="guide" time="2.474"/>
  <testcase classname="com.openweathermap.testcases.HomePageTest" name="homepageTitleTest" time="0.014"/>
  <testcase classname="com.openweathermap.testcases.HomePageTest" name="homepagelogoTest" time="0.031"/>
  <testcase classname="com.openweathermap.testcases.HomePageTest" name="partners" time="2.978"/>
  <testcase classname="com.openweathermap.testcases.HomePageTest" name="price" time="40.111">
    <failure type="org.openqa.selenium.TimeoutException" message="timeout
  (Session info: chrome=71.0.3578.98)
  (Driver info: chromedriver=2.42.591059 (a3d9684d10d61aa0c45f6723b327283be1ebaad8),platform=Mac OS X 10.12.6 x86_64) (WARNING: The server did not provide any stacktrace information)
Command duration or timeout: 0 milliseconds
Build info: version: &amp;apos;3.14.0&amp;apos;, revision: &amp;apos;aacccce0&amp;apos;, time: &amp;apos;2018-08-02T20:19:58.91Z&amp;apos;
System info: host: &amp;apos;mlinpu1502-0035.springernature.com&amp;apos;, ip: &amp;apos;fe80:0:0:0:c4d:ba44:e1ba:724d%en0&amp;apos;, os.name: &amp;apos;Mac OS X&amp;apos;, os.arch: &amp;apos;x86_64&amp;apos;, os.version: &amp;apos;10.12.6&amp;apos;, java.version: &amp;apos;11.0.2&amp;apos;
Driver info: org.openqa.selenium.chrome.ChromeDriver
Capabilities {acceptInsecureCerts: false, acceptSslCerts: false, applicationCacheEnabled: false, browserConnectionEnabled: false, browserName: chrome, chrome: {chromedriverVersion: 2.42.591059 (a3d9684d10d61a..., userDataDir: /var/folders/nv/95fh8nv97rl...}, cssSelectorsEnabled: true, databaseEnabled: false, goog:chromeOptions: {debuggerAddress: localhost:59192}, handlesAlerts: true, hasTouchScreen: false, javascriptEnabled: true, locationContextEnabled: true, mobileEmulationEnabled: false, nativeEvents: true, networkConnectionEnabled: false, pageLoadStrategy: normal, platform: MAC, platformName: MAC, rotatable: false, setWindowRect: true, takesHeapSnapshot: true, takesScreenshot: true, unexpectedAlertBehaviour: , unhandledPromptBehavior: , version: 71.0.3578.98, webStorageEnabled: true}
Session ID: 83b11ee60c45b1ec6353c5706d228064">
      <![CDATA[org.openqa.selenium.TimeoutException: timeout
  (Session info: chrome=71.0.3578.98)
  (Driver info: chromedriver=2.42.591059 (a3d9684d10d61aa0c45f6723b327283be1ebaad8),platform=Mac OS X 10.12.6 x86_64) (WARNING: The server did not provide any stacktrace information)
Command duration or timeout: 0 milliseconds
Build info: version: '3.14.0', revision: 'aacccce0', time: '2018-08-02T20:19:58.91Z'
System info: host: 'mlinpu1502-0035.springernature.com', ip: 'fe80:0:0:0:c4d:ba44:e1ba:724d%en0', os.name: 'Mac OS X', os.arch: 'x86_64', os.version: '10.12.6', java.version: '11.0.2'
Driver info: org.openqa.selenium.chrome.ChromeDriver
Capabilities {acceptInsecureCerts: false, acceptSslCerts: false, applicationCacheEnabled: false, browserConnectionEnabled: false, browserName: chrome, chrome: {chromedriverVersion: 2.42.591059 (a3d9684d10d61a..., userDataDir: /var/folders/nv/95fh8nv97rl...}, cssSelectorsEnabled: true, databaseEnabled: false, goog:chromeOptions: {debuggerAddress: localhost:59192}, handlesAlerts: true, hasTouchScreen: false, javascriptEnabled: true, locationContextEnabled: true, mobileEmulationEnabled: false, nativeEvents: true, networkConnectionEnabled: false, pageLoadStrategy: normal, platform: MAC, platformName: MAC, rotatable: false, setWindowRect: true, takesHeapSnapshot: true, takesScreenshot: true, unexpectedAlertBehaviour: , unhandledPromptBehavior: , version: 71.0.3578.98, webStorageEnabled: true}
Session ID: 83b11ee60c45b1ec6353c5706d228064
	at org.openqa.selenium.remote.ErrorHandler.createThrowable(ErrorHandler.java:214)
	at org.openqa.selenium.remote.ErrorHandler.throwIfResponseFailed(ErrorHandler.java:166)
	at org.openqa.selenium.remote.http.JsonHttpResponseCodec.reconstructValue(JsonHttpResponseCodec.java:40)
	at org.openqa.selenium.remote.http.AbstractHttpResponseCodec.decode(AbstractHttpResponseCodec.java:80)
	at org.openqa.selenium.remote.http.AbstractHttpResponseCodec.decode(AbstractHttpResponseCodec.java:44)
	at org.openqa.selenium.remote.HttpCommandExecutor.execute(HttpCommandExecutor.java:158)
	at org.openqa.selenium.remote.service.DriverCommandExecutor.execute(DriverCommandExecutor.java:83)
	at org.openqa.selenium.remote.RemoteWebDriver.execute(RemoteWebDriver.java:548)
	at org.openqa.selenium.remote.RemoteWebElement.execute(RemoteWebElement.java:276)
	at org.openqa.selenium.remote.RemoteWebElement.click(RemoteWebElement.java:83)
	at org.openqa.selenium.support.pagefactory.internal.LocatingElementHandler.invoke(LocatingElementHandler.java:51)
	at com.sun.proxy.$Proxy12.click(Unknown Source)
	at com.openweathermap.pages.HomePage.price(HomePage.java:125)
	at com.openweathermap.testcases.HomePageTest.price(HomePageTest.java:118)
... Removed 32 stack frames]]>
    </failure>
  </testcase> <!-- price -->
  <testcase classname="com.openweathermap.testcases.HomePageTest" name="searchclick" time="0.076"/>
  <testcase classname="com.openweathermap.testcases.HomePageTest" name="signinclicklink" time="1.634"/>
  <testcase classname="com.openweathermap.testcases.HomePageTest" name="signupclicklink" time="3.055"/>
  <testcase classname="com.openweathermap.testcases.HomePageTest" name="stations" time="3.263"/>
  <testcase classname="com.openweathermap.testcases.HomePageTest" name="weatherClick" time="1.653"/>
  <testcase classname="com.openweathermap.testcases.HomePageTest" name="widget" time="2.354"/>
  <testcase classname="com.openweathermap.testcases.SearchTest" name="entercityname" time="3.192"/>
  <testcase classname="com.openweathermap.testcases.SearchTest" name="invalidcitysearch" time="2.784"/>
</testsuite> <!-- SearchTest -->
